[0.949s] Invoking command in '/home/abdelillah/ros2_ws/src/patrol_pkg': PYTHONPATH=/home/abdelillah/ros2_ws/src/patrol_pkg/build/patrol_pkg/prefix_override:/usr/lib/python3/dist-packages/colcon_core/task/python/colcon_distutils_commands:/home/abdelillah/ros2_ws/src/patrol_pkg/install/patrol_pkg/lib/python3.10/site-packages:${PYTHONPATH} /usr/bin/python3 -W ignore:setup.py install is deprecated setup.py egg_info --egg-base build/patrol_pkg build --build-base /home/abdelillah/ros2_ws/src/patrol_pkg/build/patrol_pkg/build install --record /home/abdelillah/ros2_ws/src/patrol_pkg/build/patrol_pkg/install.log --single-version-externally-managed install_data
[1.277s] running egg_info
[1.277s] creating build/patrol_pkg/patrol_pkg.egg-info
[1.278s] writing build/patrol_pkg/patrol_pkg.egg-info/PKG-INFO
[1.279s] writing dependency_links to build/patrol_pkg/patrol_pkg.egg-info/dependency_links.txt
[1.279s] writing entry points to build/patrol_pkg/patrol_pkg.egg-info/entry_points.txt
[1.279s] writing requirements to build/patrol_pkg/patrol_pkg.egg-info/requires.txt
[1.279s] writing top-level names to build/patrol_pkg/patrol_pkg.egg-info/top_level.txt
[1.279s] writing manifest file 'build/patrol_pkg/patrol_pkg.egg-info/SOURCES.txt'
[1.281s] reading manifest file 'build/patrol_pkg/patrol_pkg.egg-info/SOURCES.txt'
[1.283s] writing manifest file 'build/patrol_pkg/patrol_pkg.egg-info/SOURCES.txt'
[1.283s] running build
[1.284s] running build_py
[1.284s] creating /home/abdelillah/ros2_ws/src/patrol_pkg/build/patrol_pkg/build
[1.284s] creating /home/abdelillah/ros2_ws/src/patrol_pkg/build/patrol_pkg/build/lib
[1.285s] creating /home/abdelillah/ros2_ws/src/patrol_pkg/build/patrol_pkg/build/lib/patrol_pkg
[1.285s] copying patrol_pkg/__init__.py -> /home/abdelillah/ros2_ws/src/patrol_pkg/build/patrol_pkg/build/lib/patrol_pkg
[1.286s] copying patrol_pkg/patrol.py -> /home/abdelillah/ros2_ws/src/patrol_pkg/build/patrol_pkg/build/lib/patrol_pkg
[1.286s] running install
[1.286s] running install_lib
[1.286s] creating /home/abdelillah/ros2_ws/src/patrol_pkg/install/patrol_pkg/lib/python3.10/site-packages/patrol_pkg
[1.286s] copying /home/abdelillah/ros2_ws/src/patrol_pkg/build/patrol_pkg/build/lib/patrol_pkg/__init__.py -> /home/abdelillah/ros2_ws/src/patrol_pkg/install/patrol_pkg/lib/python3.10/site-packages/patrol_pkg
[1.286s] copying /home/abdelillah/ros2_ws/src/patrol_pkg/build/patrol_pkg/build/lib/patrol_pkg/patrol.py -> /home/abdelillah/ros2_ws/src/patrol_pkg/install/patrol_pkg/lib/python3.10/site-packages/patrol_pkg
[1.286s] byte-compiling /home/abdelillah/ros2_ws/src/patrol_pkg/install/patrol_pkg/lib/python3.10/site-packages/patrol_pkg/__init__.py to __init__.cpython-310.pyc
[1.287s] byte-compiling /home/abdelillah/ros2_ws/src/patrol_pkg/install/patrol_pkg/lib/python3.10/site-packages/patrol_pkg/patrol.py to patrol.cpython-310.pyc
[1.287s] running install_data
[1.288s] creating /home/abdelillah/ros2_ws/src/patrol_pkg/install/patrol_pkg/share/ament_index
[1.288s] creating /home/abdelillah/ros2_ws/src/patrol_pkg/install/patrol_pkg/share/ament_index/resource_index
[1.288s] creating /home/abdelillah/ros2_ws/src/patrol_pkg/install/patrol_pkg/share/ament_index/resource_index/packages
[1.288s] copying resource/patrol_pkg -> /home/abdelillah/ros2_ws/src/patrol_pkg/install/patrol_pkg/share/ament_index/resource_index/packages
[1.289s] copying package.xml -> /home/abdelillah/ros2_ws/src/patrol_pkg/install/patrol_pkg/share/patrol_pkg
[1.289s] running install_egg_info
[1.290s] Copying build/patrol_pkg/patrol_pkg.egg-info to /home/abdelillah/ros2_ws/src/patrol_pkg/install/patrol_pkg/lib/python3.10/site-packages/patrol_pkg-0.0.0-py3.10.egg-info
[1.291s] running install_scripts
[1.312s] writing list of installed files to '/home/abdelillah/ros2_ws/src/patrol_pkg/build/patrol_pkg/install.log'
[1.366s] Invoked command in '/home/abdelillah/ros2_ws/src/patrol_pkg' returned '0': PYTHONPATH=/home/abdelillah/ros2_ws/src/patrol_pkg/build/patrol_pkg/prefix_override:/usr/lib/python3/dist-packages/colcon_core/task/python/colcon_distutils_commands:/home/abdelillah/ros2_ws/src/patrol_pkg/install/patrol_pkg/lib/python3.10/site-packages:${PYTHONPATH} /usr/bin/python3 -W ignore:setup.py install is deprecated setup.py egg_info --egg-base build/patrol_pkg build --build-base /home/abdelillah/ros2_ws/src/patrol_pkg/build/patrol_pkg/build install --record /home/abdelillah/ros2_ws/src/patrol_pkg/build/patrol_pkg/install.log --single-version-externally-managed install_data
