[0.396s] DEBUG:colcon:Command line arguments: ['/usr/bin/colcon', 'build']
[0.396s] DEBUG:colcon:Parsed command line arguments: Namespace(log_base=None, log_level=None, verb_name='build', build_base='build', install_base='install', merge_install=False, symlink_install=False, test_result_base=None, continue_on_error=False, executor='parallel', parallel_workers=8, event_handlers=None, ignore_user_meta=False, metas=['./colcon.meta'], base_paths=['.'], packages_ignore=None, packages_ignore_regex=None, paths=None, packages_up_to=None, packages_up_to_regex=None, packages_above=None, packages_above_and_dependencies=None, packages_above_depth=None, packages_select_by_dep=None, packages_skip_by_dep=None, packages_skip_up_to=None, packages_select_build_failed=False, packages_skip_build_finished=False, packages_select_test_failures=False, packages_skip_test_passed=False, packages_select=None, packages_skip=None, packages_select_regex=None, packages_skip_regex=None, packages_start=None, packages_end=None, allow_overriding=[], cmake_args=None, cmake_target=None, cmake_target_skip_unavailable=False, cmake_clean_cache=False, cmake_clean_first=False, cmake_force_configure=False, ament_cmake_args=None, catkin_cmake_args=None, catkin_skip_building_tests=False, mixin_files=None, mixin=None, verb_parser=<colcon_mixin.mixin.mixin_argument.MixinArgumentDecorator object at 0x7f0ff6872500>, verb_extension=<colcon_core.verb.build.BuildVerb object at 0x7f0ff6a5bc70>, main=<bound method BuildVerb.main of <colcon_core.verb.build.BuildVerb object at 0x7f0ff6a5bc70>>, mixin_verb=('build',))
[0.670s] Level 1:colcon.colcon_core.package_discovery:discover_packages(colcon_meta) check parameters
[0.670s] Level 1:colcon.colcon_core.package_discovery:discover_packages(recursive) check parameters
[0.670s] Level 1:colcon.colcon_core.package_discovery:discover_packages(ignore) check parameters
[0.670s] Level 1:colcon.colcon_core.package_discovery:discover_packages(path) check parameters
[0.670s] Level 1:colcon.colcon_core.package_discovery:discover_packages(colcon_meta) discover
[0.670s] Level 1:colcon.colcon_core.package_discovery:discover_packages(recursive) discover
[0.670s] INFO:colcon.colcon_core.package_discovery:Crawling recursively for packages in '/home/abdelillah/ros2_ws/src/patrol_pkg'
[0.670s] Level 1:colcon.colcon_core.package_identification:_identify(.) by extensions ['ignore', 'ignore_ament_install']
[0.670s] Level 1:colcon.colcon_core.package_identification:_identify(.) by extension 'ignore'
[0.670s] Level 1:colcon.colcon_core.package_identification:_identify(.) by extension 'ignore_ament_install'
[0.670s] Level 1:colcon.colcon_core.package_identification:_identify(.) by extensions ['colcon_pkg']
[0.671s] Level 1:colcon.colcon_core.package_identification:_identify(.) by extension 'colcon_pkg'
[0.671s] Level 1:colcon.colcon_core.package_identification:_identify(.) by extensions ['colcon_meta']
[0.671s] Level 1:colcon.colcon_core.package_identification:_identify(.) by extension 'colcon_meta'
[0.671s] Level 1:colcon.colcon_core.package_identification:_identify(.) by extensions ['ros']
[0.671s] Level 1:colcon.colcon_core.package_identification:_identify(.) by extension 'ros'
[0.695s] DEBUG:colcon.colcon_core.package_identification:Package '.' with type 'ros.ament_python' and name 'patrol_pkg'
[0.695s] Level 1:colcon.colcon_core.package_discovery:discover_packages(recursive) using defaults
[0.696s] Level 1:colcon.colcon_core.package_discovery:discover_packages(ignore) discover
[0.696s] Level 1:colcon.colcon_core.package_discovery:discover_packages(ignore) using defaults
[0.696s] Level 1:colcon.colcon_core.package_discovery:discover_packages(path) discover
[0.696s] Level 1:colcon.colcon_core.package_discovery:discover_packages(path) using defaults
[0.750s] Level 1:colcon.colcon_core.package_discovery:discover_packages(prefix_path) check parameters
[0.750s] Level 1:colcon.colcon_core.package_discovery:discover_packages(prefix_path) discover
[0.752s] DEBUG:colcon.colcon_installed_package_information.package_discovery:Found 3 installed packages in /home/abdelillah/turtlebot3_ws/install
[0.754s] DEBUG:colcon.colcon_installed_package_information.package_discovery:Found 374 installed packages in /opt/ros/humble
[0.757s] Level 1:colcon.colcon_core.package_discovery:discover_packages(prefix_path) using defaults
[0.824s] Level 5:colcon.colcon_core.verb:set package 'patrol_pkg' build argument 'cmake_args' from command line to 'None'
[0.824s] Level 5:colcon.colcon_core.verb:set package 'patrol_pkg' build argument 'cmake_target' from command line to 'None'
[0.824s] Level 5:colcon.colcon_core.verb:set package 'patrol_pkg' build argument 'cmake_target_skip_unavailable' from command line to 'False'
[0.824s] Level 5:colcon.colcon_core.verb:set package 'patrol_pkg' build argument 'cmake_clean_cache' from command line to 'False'
[0.824s] Level 5:colcon.colcon_core.verb:set package 'patrol_pkg' build argument 'cmake_clean_first' from command line to 'False'
[0.824s] Level 5:colcon.colcon_core.verb:set package 'patrol_pkg' build argument 'cmake_force_configure' from command line to 'False'
[0.824s] Level 5:colcon.colcon_core.verb:set package 'patrol_pkg' build argument 'ament_cmake_args' from command line to 'None'
[0.824s] Level 5:colcon.colcon_core.verb:set package 'patrol_pkg' build argument 'catkin_cmake_args' from command line to 'None'
[0.825s] Level 5:colcon.colcon_core.verb:set package 'patrol_pkg' build argument 'catkin_skip_building_tests' from command line to 'False'
[0.825s] DEBUG:colcon.colcon_core.verb:Building package 'patrol_pkg' with the following arguments: {'ament_cmake_args': None, 'build_base': '/home/abdelillah/ros2_ws/src/patrol_pkg/build/patrol_pkg', 'catkin_cmake_args': None, 'catkin_skip_building_tests': False, 'cmake_args': None, 'cmake_clean_cache': False, 'cmake_clean_first': False, 'cmake_force_configure': False, 'cmake_target': None, 'cmake_target_skip_unavailable': False, 'install_base': '/home/abdelillah/ros2_ws/src/patrol_pkg/install/patrol_pkg', 'merge_install': False, 'path': '/home/abdelillah/ros2_ws/src/patrol_pkg', 'symlink_install': False, 'test_result_base': None}
[0.826s] INFO:colcon.colcon_core.executor:Executing jobs using 'parallel' executor
[0.832s] DEBUG:colcon.colcon_parallel_executor.executor.parallel:run_until_complete
[0.833s] INFO:colcon.colcon_ros.task.ament_python.build:Building ROS package in '/home/abdelillah/ros2_ws/src/patrol_pkg' with build type 'ament_python'
[0.834s] Level 1:colcon.colcon_core.shell:create_environment_hook('patrol_pkg', 'ament_prefix_path')
[0.837s] INFO:colcon.colcon_core.plugin_system:Skipping extension 'colcon_core.shell.bat': Not used on non-Windows systems
[0.838s] INFO:colcon.colcon_core.shell:Creating environment hook '/home/abdelillah/ros2_ws/src/patrol_pkg/install/patrol_pkg/share/patrol_pkg/hook/ament_prefix_path.ps1'
[0.839s] INFO:colcon.colcon_core.shell:Creating environment descriptor '/home/abdelillah/ros2_ws/src/patrol_pkg/install/patrol_pkg/share/patrol_pkg/hook/ament_prefix_path.dsv'
[0.840s] INFO:colcon.colcon_core.shell:Creating environment hook '/home/abdelillah/ros2_ws/src/patrol_pkg/install/patrol_pkg/share/patrol_pkg/hook/ament_prefix_path.sh'
[0.842s] INFO:colcon.colcon_core.shell:Skip shell extension 'powershell' for command environment: Not usable outside of PowerShell
[0.842s] DEBUG:colcon.colcon_core.shell:Skip shell extension 'dsv' for command environment
[3.520s] INFO:colcon.colcon_core.task.python.build:Building Python package in '/home/abdelillah/ros2_ws/src/patrol_pkg'
[3.521s] INFO:colcon.colcon_core.shell:Skip shell extension 'powershell' for command environment: Not usable outside of PowerShell
[3.521s] DEBUG:colcon.colcon_core.shell:Skip shell extension 'dsv' for command environment
[4.042s] DEBUG:colcon.colcon_core.event_handler.log_command:Invoking command in '/home/abdelillah/ros2_ws/src/patrol_pkg': PYTHONPATH=/home/abdelillah/ros2_ws/src/patrol_pkg/build/patrol_pkg/prefix_override:/usr/lib/python3/dist-packages/colcon_core/task/python/colcon_distutils_commands:/home/abdelillah/ros2_ws/src/patrol_pkg/install/patrol_pkg/lib/python3.10/site-packages:${PYTHONPATH} /usr/bin/python3 -W ignore:setup.py install is deprecated setup.py egg_info --egg-base build/patrol_pkg build --build-base /home/abdelillah/ros2_ws/src/patrol_pkg/build/patrol_pkg/build install --record /home/abdelillah/ros2_ws/src/patrol_pkg/build/patrol_pkg/install.log --single-version-externally-managed install_data
[4.459s] DEBUG:colcon.colcon_core.event_handler.log_command:Invoked command in '/home/abdelillah/ros2_ws/src/patrol_pkg' returned '0': PYTHONPATH=/home/abdelillah/ros2_ws/src/patrol_pkg/build/patrol_pkg/prefix_override:/usr/lib/python3/dist-packages/colcon_core/task/python/colcon_distutils_commands:/home/abdelillah/ros2_ws/src/patrol_pkg/install/patrol_pkg/lib/python3.10/site-packages:${PYTHONPATH} /usr/bin/python3 -W ignore:setup.py install is deprecated setup.py egg_info --egg-base build/patrol_pkg build --build-base /home/abdelillah/ros2_ws/src/patrol_pkg/build/patrol_pkg/build install --record /home/abdelillah/ros2_ws/src/patrol_pkg/build/patrol_pkg/install.log --single-version-externally-managed install_data
[4.462s] Level 1:colcon.colcon_core.environment:checking '/home/abdelillah/ros2_ws/src/patrol_pkg/install/patrol_pkg' for CMake module files
[4.463s] Level 1:colcon.colcon_core.environment:checking '/home/abdelillah/ros2_ws/src/patrol_pkg/install/patrol_pkg' for CMake config files
[4.463s] Level 1:colcon.colcon_core.environment:checking '/home/abdelillah/ros2_ws/src/patrol_pkg/install/patrol_pkg/lib'
[4.464s] Level 1:colcon.colcon_core.environment:checking '/home/abdelillah/ros2_ws/src/patrol_pkg/install/patrol_pkg/bin'
[4.464s] Level 1:colcon.colcon_core.environment:checking '/home/abdelillah/ros2_ws/src/patrol_pkg/install/patrol_pkg/lib/pkgconfig/patrol_pkg.pc'
[4.464s] Level 1:colcon.colcon_core.environment:checking '/home/abdelillah/ros2_ws/src/patrol_pkg/install/patrol_pkg/lib/python3.10/site-packages'
[4.464s] Level 1:colcon.colcon_core.shell:create_environment_hook('patrol_pkg', 'pythonpath')
[4.465s] INFO:colcon.colcon_core.shell:Creating environment hook '/home/abdelillah/ros2_ws/src/patrol_pkg/install/patrol_pkg/share/patrol_pkg/hook/pythonpath.ps1'
[4.465s] INFO:colcon.colcon_core.shell:Creating environment descriptor '/home/abdelillah/ros2_ws/src/patrol_pkg/install/patrol_pkg/share/patrol_pkg/hook/pythonpath.dsv'
[4.466s] INFO:colcon.colcon_core.shell:Creating environment hook '/home/abdelillah/ros2_ws/src/patrol_pkg/install/patrol_pkg/share/patrol_pkg/hook/pythonpath.sh'
[4.466s] Level 1:colcon.colcon_core.environment:checking '/home/abdelillah/ros2_ws/src/patrol_pkg/install/patrol_pkg/bin'
[4.466s] Level 1:colcon.colcon_core.environment:create_environment_scripts_only(patrol_pkg)
[4.467s] INFO:colcon.colcon_core.shell:Creating package script '/home/abdelillah/ros2_ws/src/patrol_pkg/install/patrol_pkg/share/patrol_pkg/package.ps1'
[4.468s] INFO:colcon.colcon_core.shell:Creating package descriptor '/home/abdelillah/ros2_ws/src/patrol_pkg/install/patrol_pkg/share/patrol_pkg/package.dsv'
[4.468s] INFO:colcon.colcon_core.shell:Creating package script '/home/abdelillah/ros2_ws/src/patrol_pkg/install/patrol_pkg/share/patrol_pkg/package.sh'
[4.469s] INFO:colcon.colcon_core.shell:Creating package script '/home/abdelillah/ros2_ws/src/patrol_pkg/install/patrol_pkg/share/patrol_pkg/package.bash'
[4.470s] INFO:colcon.colcon_core.shell:Creating package script '/home/abdelillah/ros2_ws/src/patrol_pkg/install/patrol_pkg/share/patrol_pkg/package.zsh'
[4.470s] Level 1:colcon.colcon_core.environment:create_file_with_runtime_dependencies(/home/abdelillah/ros2_ws/src/patrol_pkg/install/patrol_pkg/share/colcon-core/packages/patrol_pkg)
[4.471s] DEBUG:colcon.colcon_parallel_executor.executor.parallel:closing loop
[4.471s] DEBUG:colcon.colcon_parallel_executor.executor.parallel:loop closed
[4.471s] DEBUG:colcon.colcon_parallel_executor.executor.parallel:run_until_complete finished with '0'
[4.472s] DEBUG:colcon.colcon_core.event_reactor:joining thread
[4.577s] INFO:colcon.colcon_core.plugin_system:Skipping extension 'colcon_notification.desktop_notification.notify_send': Could not find 'notify-send'
[4.578s] INFO:colcon.colcon_core.plugin_system:Skipping extension 'colcon_notification.desktop_notification.terminal_notifier': Not used on non-Darwin systems
[4.578s] INFO:colcon.colcon_core.plugin_system:Skipping extension 'colcon_notification.desktop_notification.win32': Not used on non-Windows systems
[4.578s] INFO:colcon.colcon_notification.desktop_notification:Sending desktop notification using 'notify2'
[4.578s] DEBUG:colcon.colcon_notification.desktop_notification.notify2:Failed to initialize notify2: org.freedesktop.DBus.Error.FileNotFound: Failed to connect to socket /run/user/1000/bus: No such file or directory
[4.578s] DEBUG:colcon.colcon_core.event_reactor:joined thread
[4.579s] INFO:colcon.colcon_core.shell:Creating prefix script '/home/abdelillah/ros2_ws/src/patrol_pkg/install/local_setup.ps1'
[4.580s] INFO:colcon.colcon_core.shell:Creating prefix util module '/home/abdelillah/ros2_ws/src/patrol_pkg/install/_local_setup_util_ps1.py'
[4.581s] INFO:colcon.colcon_core.shell:Creating prefix chain script '/home/abdelillah/ros2_ws/src/patrol_pkg/install/setup.ps1'
[4.582s] INFO:colcon.colcon_core.shell:Creating prefix script '/home/abdelillah/ros2_ws/src/patrol_pkg/install/local_setup.sh'
[4.583s] INFO:colcon.colcon_core.shell:Creating prefix util module '/home/abdelillah/ros2_ws/src/patrol_pkg/install/_local_setup_util_sh.py'
[4.583s] INFO:colcon.colcon_core.shell:Creating prefix chain script '/home/abdelillah/ros2_ws/src/patrol_pkg/install/setup.sh'
[4.584s] INFO:colcon.colcon_core.shell:Creating prefix script '/home/abdelillah/ros2_ws/src/patrol_pkg/install/local_setup.bash'
[4.585s] INFO:colcon.colcon_core.shell:Creating prefix chain script '/home/abdelillah/ros2_ws/src/patrol_pkg/install/setup.bash'
[4.586s] INFO:colcon.colcon_core.shell:Creating prefix script '/home/abdelillah/ros2_ws/src/patrol_pkg/install/local_setup.zsh'
[4.587s] INFO:colcon.colcon_core.shell:Creating prefix chain script '/home/abdelillah/ros2_ws/src/patrol_pkg/install/setup.zsh'
